2024-02-16T04:57:29.815Z - info: Changes detected in MarkBind Vue Source Files:
Bundle is regenerated by webpack and built pages are re-rendered with the latest bundle.
2024-02-16T04:57:29.920Z - info: Website generation started at 12:57:29 PM
2024-02-16T04:57:29.946Z - info: Building assets...
2024-02-16T04:57:29.997Z - info: Assets built
2024-02-16T04:57:29.998Z - info: Generating pages...
2024-02-16T04:57:30.114Z - info: Pages built
2024-02-16T04:57:30.931Z - info: Site data built
2024-02-16T04:57:30.931Z - info: Website generation complete! Total build time: 1.071s
2024-02-16T04:57:31.943Z - info: Serving "/Users/wangjingting/markbind/packages/core/template/portfolio/_site" at http://127.0.0.1:54728
2024-02-16T04:57:31.944Z - info: Press CTRL+C to stop ...
2024-02-16T05:07:56.092Z - info: [1:07:56 PM] Reload for file change: /Users/wangjingting/markbind/packages/core/template/portfolio/index.md
2024-02-16T05:07:57.107Z - info: Rebuilding 1 pages
2024-02-16T05:07:57.150Z - info: Site data built
2024-02-16T05:07:57.151Z - info: Pages rebuilt
2024-02-16T05:07:57.151Z - info: Website regeneration complete! Total build time: 0.054s
2024-02-16T05:09:28.738Z - info: [1:09:28 PM] Reload for file change: /Users/wangjingting/markbind/packages/core/template/portfolio/contents/skills.md
2024-02-16T05:09:29.744Z - info: Rebuilding 1 pages
2024-02-16T05:09:29.768Z - warn: You might have an invalid intra-link! Ignore this warning if it was intended.
'/contents/contents/assests/JavaScript.svg' found in file '/Users/wangjingting/markbind/packages/core/template/portfolio/contents/skills.md'
2024-02-16T05:09:29.769Z - warn: You might have an invalid intra-link! Ignore this warning if it was intended.
'/contents/contents/assests/Typescript.svg' found in file '/Users/wangjingting/markbind/packages/core/template/portfolio/contents/skills.md'
2024-02-16T05:09:29.769Z - warn: You might have an invalid intra-link! Ignore this warning if it was intended.
'/contents/contents/assests/Vue.svg' found in file '/Users/wangjingting/markbind/packages/core/template/portfolio/contents/skills.md'
2024-02-16T05:09:29.769Z - info: Site data built
2024-02-16T05:09:29.769Z - info: Pages rebuilt
2024-02-16T05:09:29.770Z - info: Website regeneration complete! Total build time: 0.026s
2024-02-16T05:10:00.989Z - info: [1:10:00 PM] Reload for file change: /Users/wangjingting/markbind/packages/core/template/portfolio/contents/skills.md
2024-02-16T05:10:01.994Z - info: Rebuilding 1 pages
2024-02-16T05:10:02.017Z - info: Site data built
2024-02-16T05:10:02.017Z - info: Pages rebuilt
2024-02-16T05:10:02.017Z - info: Website regeneration complete! Total build time: 0.024s
2024-02-16T05:11:45.676Z - info: [1:11:45 PM] Reload for file change: /Users/wangjingting/markbind/packages/core/template/portfolio/contents/skills.md
2024-02-16T05:11:46.681Z - info: Rebuilding 1 pages
2024-02-16T05:11:46.704Z - info: Site data built
2024-02-16T05:11:46.704Z - info: Pages rebuilt
2024-02-16T05:11:46.704Z - info: Website regeneration complete! Total build time: 0.024s
2024-02-16T05:13:28.535Z - info: [1:13:28 PM] Reload for file change: /Users/wangjingting/markbind/packages/core/template/portfolio/contents/skills.md
2024-02-16T05:13:29.540Z - info: Rebuilding 1 pages
2024-02-16T05:13:29.576Z - info: Site data built
2024-02-16T05:13:29.576Z - info: Pages rebuilt
2024-02-16T05:13:29.576Z - info: Website regeneration complete! Total build time: 0.037s
2024-02-16T05:14:04.624Z - info: [1:14:04 PM] Reload for file change: /Users/wangjingting/markbind/packages/core/template/portfolio/contents/skills.md
2024-02-16T05:14:05.631Z - info: Rebuilding 1 pages
2024-02-16T05:14:05.665Z - info: Site data built
2024-02-16T05:14:05.665Z - info: Pages rebuilt
2024-02-16T05:14:05.666Z - info: Website regeneration complete! Total build time: 0.036s
2024-02-16T05:14:36.208Z - info: [1:14:36 PM] Reload for file change: /Users/wangjingting/markbind/packages/core/template/portfolio/contents/skills.md
2024-02-16T05:14:37.215Z - info: Rebuilding 1 pages
2024-02-16T05:14:37.247Z - info: Site data built
2024-02-16T05:14:37.248Z - info: Pages rebuilt
2024-02-16T05:14:37.248Z - info: Website regeneration complete! Total build time: 0.035s
2024-02-16T05:15:24.094Z - info: [1:15:24 PM] Reload for file change: /Users/wangjingting/markbind/packages/core/template/portfolio/contents/skills.md
2024-02-16T05:15:24.096Z - info: [1:15:24 PM] Reload for file change: /Users/wangjingting/markbind/packages/core/template/portfolio/index.md
2024-02-16T05:15:25.099Z - info: Rebuilding 2 pages
2024-02-16T05:15:25.130Z - info: Site data built
2024-02-16T05:15:25.130Z - info: Pages rebuilt
2024-02-16T05:15:25.130Z - info: Website regeneration complete! Total build time: 0.032s
2024-02-16T05:34:19.071Z - info: [1:34:19 PM] Reload for file change: /Users/wangjingting/markbind/packages/core/template/portfolio/_markbind/variables.md
2024-02-16T05:34:20.090Z - warn: Rebuilding all pages as variables file was changed, or the --force-reload flag was set
2024-02-16T05:34:20.103Z - info: Rebuilding 6 pages
2024-02-16T05:34:20.158Z - info: Site data built
2024-02-16T05:34:20.158Z - info: Pages rebuilt
2024-02-16T05:34:20.158Z - info: Website regeneration complete! Total build time: 0.078s
2024-02-16T05:35:25.558Z - info: [1:35:25 PM] Reload for file change: /Users/wangjingting/markbind/packages/core/template/portfolio/_markbind/variables.md
2024-02-16T05:35:26.568Z - warn: Rebuilding all pages as variables file was changed, or the --force-reload flag was set
2024-02-16T05:35:26.582Z - info: Rebuilding 6 pages
2024-02-16T05:35:26.649Z - info: Site data built
2024-02-16T05:35:26.649Z - info: Pages rebuilt
2024-02-16T05:35:26.649Z - info: Website regeneration complete! Total build time: 0.087s
2024-02-16T05:36:58.598Z - info: [1:36:58 PM] Reload for file change: /Users/wangjingting/markbind/packages/core/template/portfolio/index.md
2024-02-16T05:36:59.602Z - info: Rebuilding 1 pages
2024-02-16T05:36:59.623Z - info: Site data built
2024-02-16T05:36:59.624Z - info: Pages rebuilt
2024-02-16T05:36:59.624Z - info: Website regeneration complete! Total build time: 0.023s
2024-02-16T05:37:00.103Z - info: [1:37:00 PM] Reload for file change: /Users/wangjingting/markbind/packages/core/template/portfolio/_markbind/variables.md
2024-02-16T05:37:01.108Z - warn: Rebuilding all pages as variables file was changed, or the --force-reload flag was set
2024-02-16T05:37:01.109Z - info: Rebuilding 6 pages
2024-02-16T05:37:01.174Z - info: Site data built
2024-02-16T05:37:01.174Z - info: Pages rebuilt
2024-02-16T05:37:01.174Z - info: Website regeneration complete! Total build time: 0.069s
2024-02-16T05:37:33.847Z - info: [1:37:33 PM] Reload for file change: /Users/wangjingting/markbind/packages/core/template/portfolio/_markbind/variables.md
2024-02-16T05:37:33.848Z - info: [1:37:33 PM] Reload for file change: /Users/wangjingting/markbind/packages/core/template/portfolio/index.md
2024-02-16T05:37:34.851Z - warn: Rebuilding all pages as variables file was changed, or the --force-reload flag was set
2024-02-16T05:37:34.852Z - info: Rebuilding 6 pages
2024-02-16T05:37:34.892Z - info: Site data built
2024-02-16T05:37:34.892Z - info: Pages rebuilt
2024-02-16T05:37:34.892Z - info: Website regeneration complete! Total build time: 0.043s
