2024-03-08T14:59:51.525Z - info: Changes detected in MarkBind Vue Source Files:
Bundle is regenerated by webpack and built pages are re-rendered with the latest bundle.
2024-03-08T14:59:51.606Z - info: Website generation started at 10:59:51 PM
2024-03-08T14:59:51.629Z - info: Building assets...
2024-03-08T14:59:51.650Z - info: Assets built
2024-03-08T14:59:51.651Z - info: Generating pages...
2024-03-08T14:59:51.750Z - info: Pages built
2024-03-08T14:59:52.582Z - info: Site data built
2024-03-08T14:59:52.582Z - info: Website generation complete! Total build time: 1.01s
2024-03-08T14:59:52.592Z - info: Serving "/Users/wangjingting/markbind/packages/core/template/portfolio/_site" at http://127.0.0.1:8080
2024-03-08T14:59:52.592Z - info: Press CTRL+C to stop ...
2024-03-08T15:43:16.265Z - info: [11:43:16 PM] Reload for file change: /Users/wangjingting/markbind/packages/core/template/portfolio/site.json
2024-03-08T15:43:17.297Z - info: Pages or site config modified, updating pages...
2024-03-08T15:43:18.302Z - warn: Rebuilding all pages...
2024-03-08T15:43:18.302Z - info: Generating pages...
2024-03-08T15:43:18.391Z - info: Pages built
2024-03-08T15:43:18.391Z - info: Site data built
2024-03-08T15:43:18.395Z - info: Updated bootstrap theme
2024-03-08T15:43:53.646Z - info: [11:43:53 PM] Reload for file change: /Users/wangjingting/markbind/packages/core/template/portfolio/site.json
2024-03-08T15:43:54.651Z - info: Pages or site config modified, updating pages...
2024-03-08T15:43:55.655Z - warn: Rebuilding all pages...
2024-03-08T15:43:55.655Z - info: Generating pages...
2024-03-08T15:43:55.716Z - info: Pages built
2024-03-08T15:43:55.716Z - info: Site data built
2024-03-08T15:43:55.718Z - info: Updated bootstrap theme
2024-03-08T15:44:14.696Z - info: [11:44:14 PM] Reload for file change: /Users/wangjingting/markbind/packages/core/template/portfolio/site.json
2024-03-08T15:44:15.700Z - info: Pages or site config modified, updating pages...
2024-03-08T15:44:16.704Z - warn: Rebuilding all pages...
2024-03-08T15:44:16.704Z - info: Generating pages...
2024-03-08T15:44:16.779Z - info: Pages built
2024-03-08T15:44:16.780Z - info: Site data built
2024-03-08T15:44:16.784Z - info: Updated bootstrap theme
2024-03-08T15:44:53.811Z - info: [11:44:53 PM] Reload for file change: /Users/wangjingting/markbind/packages/core/template/portfolio/index.md
2024-03-08T15:44:54.813Z - info: Rebuilding 1 pages
2024-03-08T15:44:54.828Z - info: Site data built
2024-03-08T15:44:54.828Z - info: Pages rebuilt
2024-03-08T15:44:54.828Z - info: Website regeneration complete! Total build time: 0.015s
2024-03-08T15:51:35.006Z - info: [11:51:35 PM] Reload for file change: /Users/wangjingting/markbind/packages/core/template/portfolio/index.md
2024-03-08T15:51:36.012Z - info: Rebuilding 1 pages
2024-03-08T15:51:36.052Z - info: Site data built
2024-03-08T15:51:36.052Z - info: Pages rebuilt
2024-03-08T15:51:36.052Z - info: Website regeneration complete! Total build time: 0.042s
2024-03-08T15:51:48.949Z - info: [11:51:48 PM] Reload for file change: /Users/wangjingting/markbind/packages/core/template/portfolio/index.md
2024-03-08T15:51:49.950Z - info: Rebuilding 1 pages
2024-03-08T15:51:49.970Z - info: Site data built
2024-03-08T15:51:49.970Z - info: Pages rebuilt
2024-03-08T15:51:49.970Z - info: Website regeneration complete! Total build time: 0.02s
2024-03-08T15:52:03.418Z - info: [11:52:03 PM] Reload for file change: /Users/wangjingting/markbind/packages/core/template/portfolio/_markbind/variables.md
2024-03-08T15:52:04.313Z - info: [11:52:04 PM] Reload for file change: /Users/wangjingting/markbind/packages/core/template/portfolio/index.md
2024-03-08T15:52:04.421Z - warn: Rebuilding all pages as variables file was changed, or the --force-reload flag was set
2024-03-08T15:52:04.421Z - info: Rebuilding 6 pages
2024-03-08T15:52:04.471Z - info: Site data built
2024-03-08T15:52:04.471Z - info: Pages rebuilt
2024-03-08T15:52:04.471Z - info: Website regeneration complete! Total build time: 0.052s
2024-03-08T15:52:13.057Z - info: [11:52:13 PM] Reload for file change: /Users/wangjingting/markbind/packages/core/template/portfolio/index.md
2024-03-08T15:52:14.059Z - info: Rebuilding 1 pages
2024-03-08T15:52:14.080Z - info: Site data built
2024-03-08T15:52:14.080Z - info: Pages rebuilt
2024-03-08T15:52:14.081Z - info: Website regeneration complete! Total build time: 0.023s
2024-03-08T15:52:28.554Z - info: [11:52:28 PM] Reload for file change: /Users/wangjingting/markbind/packages/core/template/portfolio/index.md
2024-03-08T15:52:29.556Z - info: Rebuilding 1 pages
2024-03-08T15:52:29.569Z - info: Site data built
2024-03-08T15:52:29.569Z - info: Pages rebuilt
2024-03-08T15:52:29.569Z - info: Website regeneration complete! Total build time: 0.013s
2024-03-08T15:53:00.815Z - info: [11:53:00 PM] Reload for file change: /Users/wangjingting/markbind/packages/core/template/portfolio/index.md
2024-03-08T15:53:01.817Z - info: Rebuilding 1 pages
2024-03-08T15:53:01.837Z - info: Site data built
2024-03-08T15:53:01.837Z - info: Pages rebuilt
2024-03-08T15:53:01.838Z - info: Website regeneration complete! Total build time: 0.021s
2024-03-08T15:53:21.861Z - info: [11:53:21 PM] Reload for file change: /Users/wangjingting/markbind/packages/core/template/portfolio/index.md
2024-03-08T15:53:22.864Z - info: Rebuilding 1 pages
2024-03-08T15:53:22.890Z - info: Site data built
2024-03-08T15:53:22.890Z - info: Pages rebuilt
2024-03-08T15:53:22.890Z - info: Website regeneration complete! Total build time: 0.027s
2024-03-08T15:56:33.829Z - info: [11:56:33 PM] Reload for file change: /Users/wangjingting/markbind/packages/core/template/portfolio/index.md
2024-03-08T15:56:34.833Z - info: Rebuilding 1 pages
2024-03-08T15:56:34.876Z - info: Site data built
2024-03-08T15:56:34.876Z - info: Pages rebuilt
2024-03-08T15:56:34.876Z - info: Website regeneration complete! Total build time: 0.045s
